<?xml version="1.0" encoding="UTF-8"?>
<!-- Generated by org.testng.reporters.JUnitReportReporter -->
<testsuite hostname="Siva" failures="0" tests="1" name="SeleniumPractice.LocatorsIDPractice" time="15.357" errors="0" timestamp="2023-02-19T17:48:47 IST" skipped="0">
  <testcase classname="SeleniumPractice.LocatorsIDPractice" name="locatorid" time="15.357"/>
  <system-out/>
</testsuite> <!-- SeleniumPractice.LocatorsIDPractice -->
