<?xml version="1.0" encoding="UTF-8"?>
<!-- Generated by org.testng.reporters.JUnitReportReporter -->
<testsuite hostname="Siva" failures="0" tests="1" name="sikulidemmo.youtubeautomation" time="14.111" errors="0" timestamp="2023-02-16T19:29:21 IST" skipped="0">
  <testcase classname="sikulidemmo.youtubeautomation" name="youtubeAutomation" time="14.111"/>
  <system-out/>
</testsuite> <!-- sikulidemmo.youtubeautomation -->
