<?xml version="1.0" encoding="UTF-8"?>
<!-- Generated by org.testng.reporters.JUnitReportReporter -->
<testsuite hostname="Siva" failures="0" tests="1" name="SeleniumPractice.LocatorsCSSSelectors" time="11.742" errors="0" timestamp="2023-02-19T18:52:51 IST" skipped="0">
  <testcase classname="SeleniumPractice.LocatorsCSSSelectors" name="locatorcssselector" time="11.742"/>
  <system-out/>
</testsuite> <!-- SeleniumPractice.LocatorsCSSSelectors -->
