<?xml version="1.0" encoding="UTF-8"?>
<!-- Generated by org.testng.reporters.JUnitReportReporter -->
<testsuite hostname="Siva" failures="0" tests="1" name="SeleniumPractice.LocatorName" time="19.258" errors="0" timestamp="2023-02-19T18:10:20 IST" skipped="0">
  <testcase classname="SeleniumPractice.LocatorName" name="name" time="19.258"/>
  <system-out/>
</testsuite> <!-- SeleniumPractice.LocatorName -->
