<?xml version="1.0" encoding="UTF-8"?>
<!-- Generated by org.testng.reporters.JUnitReportReporter -->
<testsuite hostname="Siva" failures="0" tests="1" name="SeleniumPractice.LocatorClassNamePracticeonFB" time="10.409" errors="0" timestamp="2023-02-19T18:39:45 IST" skipped="0">
  <testcase classname="SeleniumPractice.LocatorClassNamePracticeonFB" name="locatorsclassName" time="10.409"/>
  <system-out/>
</testsuite> <!-- SeleniumPractice.LocatorClassNamePracticeonFB -->
