<?xml version="1.0" encoding="UTF-8"?>
<!-- Generated by org.testng.reporters.JUnitReportReporter -->
<testsuite hostname="Siva" failures="0" tests="7" name="testngtutorial.TestNgPriority" time="45.133" errors="0" timestamp="2023-02-17T11:05:47 IST" skipped="0">
  <testcase classname="testngtutorial.TestNgPriority" name="google" time="4.606"/>
  <system-out/>
  <testcase classname="testngtutorial.TestNgPriority" name="meesho" time="4.836"/>
  <system-out/>
  <testcase classname="testngtutorial.TestNgPriority" name="whatsap" time="8.641"/>
  <system-out/>
  <testcase classname="testngtutorial.TestNgPriority" name="flipkart" time="5.507"/>
  <system-out/>
  <testcase classname="testngtutorial.TestNgPriority" name="Selenium" time="11.241"/>
  <system-out/>
  <testcase classname="testngtutorial.TestNgPriority" name="Redmine" time="6.161"/>
  <system-out/>
  <testcase classname="testngtutorial.TestNgPriority" name="facebook" time="4.141"/>
  <system-out/>
</testsuite> <!-- testngtutorial.TestNgPriority -->
