<?xml version="1.0" encoding="UTF-8"?>
<!-- Generated by org.testng.reporters.JUnitReportReporter -->
<testsuite hostname="Siva" failures="0" tests="8" name="testngtutorial.TestNGAlphabeticalorder" time="56.107" errors="0" timestamp="2023-02-17T10:59:37 IST" skipped="0">
  <testcase classname="testngtutorial.TestNGAlphabeticalorder" name="meesho" time="8.191"/>
  <system-out/>
  <testcase classname="testngtutorial.TestNGAlphabeticalorder" name="redmine" time="8.633"/>
  <system-out/>
  <testcase classname="testngtutorial.TestNGAlphabeticalorder" name="google" time="8.251"/>
  <system-out/>
  <testcase classname="testngtutorial.TestNGAlphabeticalorder" name="twitter" time="6.962"/>
  <system-out/>
  <testcase classname="testngtutorial.TestNGAlphabeticalorder" name="whatsapp" time="6.227"/>
  <system-out/>
  <testcase classname="testngtutorial.TestNGAlphabeticalorder" name="amazon" time="6.795"/>
  <system-out/>
  <testcase classname="testngtutorial.TestNGAlphabeticalorder" name="flipkart" time="6.051"/>
  <system-out/>
  <testcase classname="testngtutorial.TestNGAlphabeticalorder" name="facebook" time="4.997"/>
  <system-out/>
</testsuite> <!-- testngtutorial.TestNGAlphabeticalorder -->
