<?xml version="1.0" encoding="UTF-8"?>
<!-- Generated by org.testng.reporters.JUnitReportReporter -->
<testsuite hostname="Siva" failures="0" tests="1" name="sikulidemmo.Sikuliwebautomation" time="8.346" errors="0" timestamp="2023-02-10T12:28:06 IST" skipped="0">
  <testcase classname="sikulidemmo.Sikuliwebautomation" name="webautomation" time="8.346"/>
  <system-out/>
</testsuite> <!-- sikulidemmo.Sikuliwebautomation -->
