<?xml version="1.0" encoding="UTF-8"?>
<!-- Generated by org.testng.reporters.JUnitReportReporter -->
<testsuite hostname="Siva" failures="0" tests="1" name="testngtutorial.TestNgpractice" time="5.498" errors="0" timestamp="2023-02-13T08:01:55 IST" skipped="0">
  <testcase classname="testngtutorial.TestNgpractice" name="analysis" time="5.498"/>
  <system-out/>
</testsuite> <!-- testngtutorial.TestNgpractice -->
