<?xml version="1.0" encoding="UTF-8"?>
<!-- Generated by org.testng.reporters.JUnitReportReporter -->
<testsuite hostname="Siva" failures="0" tests="7" name="testngtutorial.TestNgPriority" time="44.551" errors="0" timestamp="2023-02-15T20:00:03 IST" skipped="0">
  <testcase classname="testngtutorial.TestNgPriority" name="Redmine" time="7.992"/>
  <system-out/>
  <testcase classname="testngtutorial.TestNgPriority" name="flipkart" time="6.690"/>
  <system-out/>
  <testcase classname="testngtutorial.TestNgPriority" name="whatsap" time="8.398"/>
  <system-out/>
  <testcase classname="testngtutorial.TestNgPriority" name="google" time="5.822"/>
  <system-out/>
  <testcase classname="testngtutorial.TestNgPriority" name="meesho" time="6.537"/>
  <system-out/>
  <testcase classname="testngtutorial.TestNgPriority" name="facebook" time="4.106"/>
  <system-out/>
  <testcase classname="testngtutorial.TestNgPriority" name="Selenium" time="5.006"/>
  <system-out/>
</testsuite> <!-- testngtutorial.TestNgPriority -->
