<?xml version="1.0" encoding="UTF-8"?>
<!-- Generated by org.testng.reporters.JUnitReportReporter -->
<testsuite hostname="Siva" failures="0" tests="1" name="SeleniumPractice.LocatorsClassName" time="10.725" errors="0" timestamp="2023-02-19T18:17:27 IST" skipped="0">
  <testcase classname="SeleniumPractice.LocatorsClassName" name="locatorClassName" time="10.725"/>
  <system-out/>
</testsuite> <!-- SeleniumPractice.LocatorsClassName -->
